Determining if the Q_WS_X11 exist failed with the following output:
Change Dir: /Users/jiatiansun/Documents/compG/mitsuba/cmake-build-debug/CMakeFiles/CMakeTmp

Run Build Command:"/usr/bin/make" "cmTC_c6904/fast"
/Applications/Xcode.app/Contents/Developer/usr/bin/make -f CMakeFiles/cmTC_c6904.dir/build.make CMakeFiles/cmTC_c6904.dir/build
Building CXX object CMakeFiles/cmTC_c6904.dir/CheckSymbolExists.cxx.o
/Applications/Xcode.app/Contents/Developer/Toolchains/XcodeDefault.xctoolchain/usr/bin/c++   -I/Users/wenzel/qt/include -F/Users/jiatiansun/Documents/compG/mitsuba/dependencies/frameworks  -fvisibility=hidden -pipe -march=nocona -ffast-math -Wall -Winvalid-pch -ftemplate-depth=512     -o CMakeFiles/cmTC_c6904.dir/CheckSymbolExists.cxx.o -c /Users/jiatiansun/Documents/compG/mitsuba/cmake-build-debug/CMakeFiles/CMakeTmp/CheckSymbolExists.cxx
/Users/jiatiansun/Documents/compG/mitsuba/cmake-build-debug/CMakeFiles/CMakeTmp/CheckSymbolExists.cxx:8:19: error: use of undeclared identifier 'Q_WS_X11'
  return ((int*)(&Q_WS_X11))[argc];
                  ^
1 error generated.
make[1]: *** [CMakeFiles/cmTC_c6904.dir/CheckSymbolExists.cxx.o] Error 1
make: *** [cmTC_c6904/fast] Error 2

File /Users/jiatiansun/Documents/compG/mitsuba/cmake-build-debug/CMakeFiles/CMakeTmp/CheckSymbolExists.cxx:
/* */
#include <QtCore/qglobal.h>

int main(int argc, char** argv)
{
  (void)argv;
#ifndef Q_WS_X11
  return ((int*)(&Q_WS_X11))[argc];
#else
  (void)argc;
  return 0;
#endif
}

Determining if the Q_WS_WIN exist failed with the following output:
Change Dir: /Users/jiatiansun/Documents/compG/mitsuba/cmake-build-debug/CMakeFiles/CMakeTmp

Run Build Command:"/usr/bin/make" "cmTC_c0684/fast"
/Applications/Xcode.app/Contents/Developer/usr/bin/make -f CMakeFiles/cmTC_c0684.dir/build.make CMakeFiles/cmTC_c0684.dir/build
Building CXX object CMakeFiles/cmTC_c0684.dir/CheckSymbolExists.cxx.o
/Applications/Xcode.app/Contents/Developer/Toolchains/XcodeDefault.xctoolchain/usr/bin/c++   -I/Users/wenzel/qt/include -F/Users/jiatiansun/Documents/compG/mitsuba/dependencies/frameworks  -fvisibility=hidden -pipe -march=nocona -ffast-math -Wall -Winvalid-pch -ftemplate-depth=512     -o CMakeFiles/cmTC_c0684.dir/CheckSymbolExists.cxx.o -c /Users/jiatiansun/Documents/compG/mitsuba/cmake-build-debug/CMakeFiles/CMakeTmp/CheckSymbolExists.cxx
/Users/jiatiansun/Documents/compG/mitsuba/cmake-build-debug/CMakeFiles/CMakeTmp/CheckSymbolExists.cxx:8:19: error: use of undeclared identifier 'Q_WS_WIN'
  return ((int*)(&Q_WS_WIN))[argc];
                  ^
1 error generated.
make[1]: *** [CMakeFiles/cmTC_c0684.dir/CheckSymbolExists.cxx.o] Error 1
make: *** [cmTC_c0684/fast] Error 2

File /Users/jiatiansun/Documents/compG/mitsuba/cmake-build-debug/CMakeFiles/CMakeTmp/CheckSymbolExists.cxx:
/* */
#include <QtCore/qglobal.h>

int main(int argc, char** argv)
{
  (void)argv;
#ifndef Q_WS_WIN
  return ((int*)(&Q_WS_WIN))[argc];
#else
  (void)argc;
  return 0;
#endif
}

Determining if the Q_WS_QWS exist failed with the following output:
Change Dir: /Users/jiatiansun/Documents/compG/mitsuba/cmake-build-debug/CMakeFiles/CMakeTmp

Run Build Command:"/usr/bin/make" "cmTC_10279/fast"
/Applications/Xcode.app/Contents/Developer/usr/bin/make -f CMakeFiles/cmTC_10279.dir/build.make CMakeFiles/cmTC_10279.dir/build
Building CXX object CMakeFiles/cmTC_10279.dir/CheckSymbolExists.cxx.o
/Applications/Xcode.app/Contents/Developer/Toolchains/XcodeDefault.xctoolchain/usr/bin/c++   -I/Users/wenzel/qt/include -F/Users/jiatiansun/Documents/compG/mitsuba/dependencies/frameworks  -fvisibility=hidden -pipe -march=nocona -ffast-math -Wall -Winvalid-pch -ftemplate-depth=512     -o CMakeFiles/cmTC_10279.dir/CheckSymbolExists.cxx.o -c /Users/jiatiansun/Documents/compG/mitsuba/cmake-build-debug/CMakeFiles/CMakeTmp/CheckSymbolExists.cxx
/Users/jiatiansun/Documents/compG/mitsuba/cmake-build-debug/CMakeFiles/CMakeTmp/CheckSymbolExists.cxx:8:19: error: use of undeclared identifier 'Q_WS_QWS'
  return ((int*)(&Q_WS_QWS))[argc];
                  ^
1 error generated.
make[1]: *** [CMakeFiles/cmTC_10279.dir/CheckSymbolExists.cxx.o] Error 1
make: *** [cmTC_10279/fast] Error 2

File /Users/jiatiansun/Documents/compG/mitsuba/cmake-build-debug/CMakeFiles/CMakeTmp/CheckSymbolExists.cxx:
/* */
#include <QtCore/qglobal.h>

int main(int argc, char** argv)
{
  (void)argv;
#ifndef Q_WS_QWS
  return ((int*)(&Q_WS_QWS))[argc];
#else
  (void)argc;
  return 0;
#endif
}

